<?xml version="1.0" encoding="UTF-8" ?>
<testsuite failures="1" time="12.277" errors="0" skipped="93" tests="94" name="TestSuite">
  <properties>
    <property name="java.runtime.name" value="Java(TM) SE Runtime Environment"/>
    <property name="sun.boot.library.path" value="C:\Program Files\Java\jdk1.7.0_51\jre\bin"/>
    <property name="java.vm.version" value="24.51-b03"/>
    <property name="java.vm.vendor" value="Oracle Corporation"/>
    <property name="java.vendor.url" value="http://java.oracle.com/"/>
    <property name="path.separator" value=";"/>
    <property name="guice.disable.misplaced.annotation.check" value="true"/>
    <property name="java.vm.name" value="Java HotSpot(TM) 64-Bit Server VM"/>
    <property name="file.encoding.pkg" value="sun.io"/>
    <property name="user.script" value=""/>
    <property name="user.country" value="US"/>
    <property name="sun.java.launcher" value="SUN_STANDARD"/>
    <property name="sun.os.patch.level" value="Service Pack 1"/>
    <property name="java.vm.specification.name" value="Java Virtual Machine Specification"/>
    <property name="user.dir" value="C:\Users\IBM_ADMIN\git\Maven_project"/>
    <property name="java.runtime.version" value="1.7.0_51-b13"/>
    <property name="java.awt.graphicsenv" value="sun.awt.Win32GraphicsEnvironment"/>
    <property name="java.endorsed.dirs" value="C:\Program Files\Java\jdk1.7.0_51\jre\lib\endorsed"/>
    <property name="os.arch" value="amd64"/>
    <property name="java.io.tmpdir" value="C:\Users\IBM_AD~1\AppData\Local\Temp\"/>
    <property name="line.separator" value="
"/>
    <property name="java.vm.specification.vendor" value="Oracle Corporation"/>
    <property name="user.variant" value=""/>
    <property name="os.name" value="Windows 7"/>
    <property name="classworlds.conf" value="C:\Users\IBM_ADMIN\Deal_Registration\.metadata\.plugins\org.eclipse.m2e.launching\launches\m2conf8996792928584162426.tmp"/>
    <property name="sun.jnu.encoding" value="Cp1252"/>
    <property name="java.library.path" value="C:\Program Files\Java\jdk1.7.0_51\bin;C:\windows\Sun\Java\bin;C:\windows\system32;C:\windows;C:\windows\system32;C:\windows;C:\windows\System32\Wbem;C:\windows\System32\WindowsPowerShell\v1.0\;C:\Program Files\ThinkPad\Bluetooth Software\;C:\Program Files\ThinkPad\Bluetooth Software\syswow64;C:\Program Files\Intel\WiFi\bin\;C:\Program Files\Common Files\Intel\WirelessCommon\;C:\Program Files (x86)\IBM\Personal Communications\;C:\Program Files (x86)\IBM\Trace Facility\;C:\Program Files (x86)\Common Files\Roxio Shared\DLLShared\;C:\Program Files (x86)\Common Files\Roxio Shared\DLLShared\;C:\Program Files (x86)\Common Files\Roxio Shared\13.0\DLLShared\;C:\Program Files (x86)\IBM\Mobility Client\;C:\Program Files\Java\jdk1.7.0_51\bin;\bin;C:\Users\IBM_ADMIN\Documents\DDFramework\apache-ant-1.9.4-bin\apache-ant-1.9.4\bin;C:\Users\IBM_ADMIN\Downloads\apache-maven-3.3.9-bin;;C:\Program Files\Intel\WiFi\bin\;C:\Program Files\Common Files\Intel\WirelessCommon\;C:\ATA\ATA_HOME\link-grammar;C:\Program Files\Java\jdk1.7.0_51\bin;;."/>
    <property name="java.specification.name" value="Java Platform API Specification"/>
    <property name="java.class.version" value="51.0"/>
    <property name="sun.management.compiler" value="HotSpot 64-Bit Tiered Compilers"/>
    <property name="os.version" value="6.1"/>
    <property name="user.home" value="C:\Users\IBM_ADMIN"/>
    <property name="user.timezone" value="Asia/Calcutta"/>
    <property name="java.awt.printerjob" value="sun.awt.windows.WPrinterJob"/>
    <property name="java.specification.version" value="1.7"/>
    <property name="file.encoding" value="Cp1252"/>
    <property name="user.name" value="nimisha"/>
    <property name="java.class.path" value="/C:/Users/IBM_ADMIN/Desktop/eclipse/configuration/org.eclipse.osgi/bundles/842/1/.cp/jars/plexus-classworlds-2.4.jar"/>
    <property name="java.vm.specification.version" value="1.7"/>
    <property name="sun.arch.data.model" value="64"/>
    <property name="java.home" value="C:\Program Files\Java\jdk1.7.0_51\jre"/>
    <property name="sun.java.command" value="org.codehaus.plexus.classworlds.launcher.Launcher -B clean install"/>
    <property name="java.specification.vendor" value="Oracle Corporation"/>
    <property name="user.language" value="en"/>
    <property name="awt.toolkit" value="sun.awt.windows.WToolkit"/>
    <property name="java.vm.info" value="mixed mode"/>
    <property name="java.version" value="1.7.0_51"/>
    <property name="java.ext.dirs" value="C:\Program Files\Java\jdk1.7.0_51\jre\lib\ext;C:\windows\Sun\Java\lib\ext"/>
    <property name="sun.boot.class.path" value="C:\Program Files\Java\jdk1.7.0_51\jre\lib\resources.jar;C:\Program Files\Java\jdk1.7.0_51\jre\lib\rt.jar;C:\Program Files\Java\jdk1.7.0_51\jre\lib\sunrsasign.jar;C:\Program Files\Java\jdk1.7.0_51\jre\lib\jsse.jar;C:\Program Files\Java\jdk1.7.0_51\jre\lib\jce.jar;C:\Program Files\Java\jdk1.7.0_51\jre\lib\charsets.jar;C:\Program Files\Java\jdk1.7.0_51\jre\lib\jfr.jar;C:\Program Files\Java\jdk1.7.0_51\jre\classes"/>
    <property name="java.vendor" value="Oracle Corporation"/>
    <property name="maven.home" value="C:\Users\IBM_ADMIN\git\Maven_project\EMBEDDED"/>
    <property name="file.separator" value="\"/>
    <property name="java.vendor.url.bug" value="http://bugreport.sun.com/bugreport/"/>
    <property name="maven.bootclasspath" value="/C:/Users/IBM_ADMIN/Desktop/eclipse/configuration/org.eclipse.osgi/bundles/842/1/.cp/jars/plexus-classworlds-2.4.jar"/>
    <property name="sun.cpu.endian" value="little"/>
    <property name="sun.io.unicode.encoding" value="UnicodeLittle"/>
    <property name="sun.desktop" value="windows"/>
    <property name="sun.cpu.isalist" value="amd64"/>
  </properties>
  <testcase time="0" classname="maven_package_1.Test_GPP_Validation_System_storage" name="gpp_validation_system">
    <failure message="no such window: target window already closed
from unknown error: web view not found
  (Session info: chrome=52.0.2743.116)
  (Driver info: chromedriver=2.11.298604 (75ea2fdb5c87f133a8e1b8da16f6091fb7d5321e),platform=Windows NT 6.1 SP1 x86_64) (WARNING: The server did not provide any stacktrace information)
Command duration or timeout: 5 milliseconds
Build info: version: &apos;2.53.1&apos;, revision: &apos;a36b8b1cd5757287168e54b817830adce9b0158d&apos;, time: &apos;2016-06-30 19:26:09&apos;
System info: host: &apos;ADMINIB-D2MM1F7&apos;, ip: &apos;9.84.225.135&apos;, os.name: &apos;Windows 7&apos;, os.arch: &apos;amd64&apos;, os.version: &apos;6.1&apos;, java.version: &apos;1.7.0_51&apos;
*** Element info: {Using=id, value=username}
Session ID: 780cdaba81be88791e26f4d79f96070c
Driver info: org.openqa.selenium.chrome.ChromeDriver
Capabilities [{platform=XP, acceptSslCerts=true, javascriptEnabled=true, browserName=chrome, chrome={userDataDir=C:\Users\IBM_AD~1\AppData\Local\Temp\scoped_dir2160_18287}, rotatable=false, locationContextEnabled=true, mobileEmulationEnabled=false, version=52.0.2743.116, takesHeapSnapshot=true, cssSelectorsEnabled=true, databaseEnabled=false, handlesAlerts=true, browserConnectionEnabled=false, webStorageEnabled=true, nativeEvents=true, applicationCacheEnabled=false, takesScreenshot=true}]" type="org.openqa.selenium.NoSuchWindowException">org.openqa.selenium.NoSuchWindowException: no such window: target window already closed
from unknown error: web view not found
  (Session info: chrome=52.0.2743.116)
  (Driver info: chromedriver=2.11.298604 (75ea2fdb5c87f133a8e1b8da16f6091fb7d5321e),platform=Windows NT 6.1 SP1 x86_64) (WARNING: The server did not provide any stacktrace information)
Command duration or timeout: 5 milliseconds
Build info: version: &apos;2.53.1&apos;, revision: &apos;a36b8b1cd5757287168e54b817830adce9b0158d&apos;, time: &apos;2016-06-30 19:26:09&apos;
System info: host: &apos;ADMINIB-D2MM1F7&apos;, ip: &apos;9.84.225.135&apos;, os.name: &apos;Windows 7&apos;, os.arch: &apos;amd64&apos;, os.version: &apos;6.1&apos;, java.version: &apos;1.7.0_51&apos;
*** Element info: {Using=id, value=username}
Session ID: 780cdaba81be88791e26f4d79f96070c
Driver info: org.openqa.selenium.chrome.ChromeDriver
Capabilities [{platform=XP, acceptSslCerts=true, javascriptEnabled=true, browserName=chrome, chrome={userDataDir=C:\Users\IBM_AD~1\AppData\Local\Temp\scoped_dir2160_18287}, rotatable=false, locationContextEnabled=true, mobileEmulationEnabled=false, version=52.0.2743.116, takesHeapSnapshot=true, cssSelectorsEnabled=true, databaseEnabled=false, handlesAlerts=true, browserConnectionEnabled=false, webStorageEnabled=true, nativeEvents=true, applicationCacheEnabled=false, takesScreenshot=true}]
	at sun.reflect.NativeConstructorAccessorImpl.newInstance0(Native Method)
	at sun.reflect.NativeConstructorAccessorImpl.newInstance(NativeConstructorAccessorImpl.java:57)
	at sun.reflect.DelegatingConstructorAccessorImpl.newInstance(DelegatingConstructorAccessorImpl.java:45)
	at java.lang.reflect.Constructor.newInstance(Constructor.java:526)
	at org.openqa.selenium.remote.ErrorHandler.createThrowable(ErrorHandler.java:206)
	at org.openqa.selenium.remote.ErrorHandler.throwIfResponseFailed(ErrorHandler.java:158)
	at org.openqa.selenium.remote.RemoteWebDriver.execute(RemoteWebDriver.java:678)
	at org.openqa.selenium.remote.RemoteWebDriver.findElement(RemoteWebDriver.java:363)
	at org.openqa.selenium.remote.RemoteWebDriver.findElementById(RemoteWebDriver.java:413)
	at org.openqa.selenium.By$ById.findElement(By.java:218)
	at org.openqa.selenium.remote.RemoteWebDriver.findElement(RemoteWebDriver.java:355)
	at resources.Test_Login.login_bp(Test_Login.java:33)
	at maven_package_1.Test_GPP_Validation_System_storage.gpp_validation_system(Test_GPP_Validation_System_storage.java:53)
</failure>
    <system-err>Starting ChromeDriver (v2.11.298604 (75ea2fdb5c87f133a8e1b8da16f6091fb7d5321e)) on port 39195
Only local connections are allowed.
log4j:WARN No appenders could be found for logger (org.apache.http.client.protocol.RequestAddCookies).
log4j:WARN Please initialize the log4j system properly.
[10.011][SEVERE]: Unable to receive message from renderer
</system-err>
  </testcase>
  <testcase time="0.003" classname="maven_package_1.Test_GPP_Validation_System_storage" name="Default_template_LinuxONE_update">
    <skipped/>
  </testcase>
  <testcase time="0" classname="maven_package_2.TestAddComment" name="f">
    <skipped/>
  </testcase>
  <testcase time="0" classname="maven_package_2.TestCase2842" name="f_2842">
    <skipped/>
  </testcase>
  <testcase time="0.003" classname="maven_package_2.TestCase2842_power" name="f_2842_power">
    <skipped/>
  </testcase>
  <testcase time="0" classname="maven_package_2.TestCase3497" name="f_3497">
    <skipped/>
  </testcase>
  <testcase time="0" classname="maven_package_2.TestCase3497_linuxOne" name="f_3497_linuxOne">
    <skipped/>
  </testcase>
  <testcase time="0.001" classname="maven_package_2.TestCase3497_power" name="f_3497_power">
    <skipped/>
  </testcase>
  <testcase time="0" classname="maven_package_2.TestCase3505" name="f_3505">
    <skipped/>
  </testcase>
  <testcase time="0" classname="maven_package_2.TestCase3505_LinuxOne" name="f_3505_LinuxOne">
    <skipped/>
  </testcase>
  <testcase time="0" classname="maven_package_2.TestCase3505_power" name="f_3505_power">
    <skipped/>
  </testcase>
  <testcase time="0" classname="maven_package_2.TestCode" name="f">
    <skipped/>
  </testcase>
  <testcase time="0" classname="maven_package_1.Test_BlanketCheck_cannot_Reassigned" name="Blanket_checked_cannot_be_reassigned">
    <skipped/>
  </testcase>
  <testcase time="0" classname="maven_package_2.Test_BlanketMicroflow" name="f_BlanketMicroflow">
    <skipped/>
  </testcase>
  <testcase time="0" classname="maven_package_2.Test_BlanketMicroflow_linuxOne" name="f_BlanketMicroflow_linuxOne">
    <skipped/>
  </testcase>
  <testcase time="0" classname="maven_package_2.Test_BlanketMicroflow_ps" name="f_BlanketMicroflow_ps">
    <skipped/>
  </testcase>
  <testcase time="0" classname="maven_package_1.Test_DealReg_cannot_BlnktComplete" name="DRR_cannot_Blanket_complete">
    <skipped/>
  </testcase>
  <testcase time="0" classname="maven_package_1.Test_DealReg_cannot_DupeComplete" name="DRR_cannot_Dupe_complete">
    <skipped/>
  </testcase>
  <testcase time="0" classname="maven_package_1.Test_DealReg_cannot_IGSResponse" name="DRR_cannot_IGS_Response">
    <skipped/>
  </testcase>
  <testcase time="0" classname="maven_package_1.Test_DupeReview_cannot_Reassigned" name="Dupe_Review_cannot_be_reassigned">
    <skipped/>
  </testcase>
  <testcase time="0" classname="maven_package_1.Test_Email_Notification_Blanket_ps" name="Email_Notify_Blanket_PS">
    <skipped/>
  </testcase>
  <testcase time="0" classname="maven_package_1.Test_Email_Notification_Dupe" name="Email_Notify_Dupe">
    <skipped/>
  </testcase>
  <testcase time="0" classname="maven_package_1.Test_Email_Notification_IGS" name="Email_Notify_IGS">
    <skipped/>
  </testcase>
  <testcase time="0" classname="maven_package_1.Test_Email_Notification_MSAcomp" name="Email_Notify_MSA_complete">
    <skipped/>
  </testcase>
  <testcase time="0" classname="maven_package_1.Test_Email_Notification_initial" name="Email_Notify_IR">
    <skipped/>
  </testcase>
  <testcase time="0" classname="maven_package_1.Test_FederalCheck_cannot_Reassigned" name="Federal_Check_cannot_be_reassigned">
    <skipped/>
  </testcase>
  <testcase time="0" classname="maven_package_1.Test_Federal_resp_comments" name="Federal_Response_comments">
    <skipped/>
  </testcase>
  <testcase time="0" classname="maven_package_1.Test_Form_moving_to_Initial_Review_LinuxONE" name="IR_created_linuxone">
    <skipped/>
  </testcase>
  <testcase time="0" classname="maven_package_1.Test_Form_moving_to_Initial_Review_Powersystem" name="IR_created_powersystem">
    <skipped/>
  </testcase>
  <testcase time="0" classname="maven_package_1.Test_Form_moving_to_Initial_Review_systemstorage" name="IR_created_systemstorage">
    <skipped/>
  </testcase>
  <testcase time="0" classname="maven_package_1.Test_GPP_Validation_Power_System" name="gpp_validation">
    <skipped/>
  </testcase>
  <testcase time="0" classname="maven_package_1.Test_GPP_Validation_System_storage" name="gpp_validation_system">
    <skipped/>
  </testcase>
  <testcase time="0" classname="maven_package_1.Test_HA_comp_comments" name="HA_complete_comments">
    <skipped/>
  </testcase>
  <testcase time="0" classname="maven_package_1.Test_IGSApproval_cannotbeReassigned_withoutIGS" name="IGS_Approval_cannot_Reassigned">
    <skipped/>
  </testcase>
  <testcase time="0" classname="maven_package_1.Test_IGS_resp_comments" name="IGS_response_comments">
    <skipped/>
  </testcase>
  <testcase time="0" classname="maven_package_3.Test_Incomplete_LinuxONE" name="Inc_LinuxONE">
    <skipped/>
  </testcase>
  <testcase time="0" classname="maven_package_3.Test_Incomplete_Power_system" name="Inc_powersystem">
    <skipped/>
  </testcase>
  <testcase time="0" classname="maven_package_1.Test_Incomplete_reprocess_system_storage" name="Inc_systemstorage">
    <skipped/>
  </testcase>
  <testcase time="0" classname="maven_package_1.Test_Incomplete_reprocess_system_storage" name="Test_Inc_Rep">
    <skipped/>
  </testcase>
  <testcase time="0" classname="maven_package_3.Test_Incomplete_System_storage" name="Inc_systemstorage">
    <skipped/>
  </testcase>
  <testcase time="0" classname="maven_package_1.Test_InitialReview_cannot_Reassigned" name="IR_cannot_be_reassigned">
    <skipped/>
  </testcase>
  <testcase time="0" classname="maven_package_1.Test_Submit_Extension_form_powersystem" name="login_bp">
    <skipped/>
  </testcase>
  <testcase time="0" classname="maven_package_1.Test_Submit_Extension_form_powersystem" name="login_w3">
    <skipped/>
  </testcase>
  <testcase time="0" classname="maven_package_1.Test_Submit_Extension_form_powersystem" name="Submit_extension_powersystem">
    <skipped/>
  </testcase>
  <testcase time="0" classname="maven_package_1.Test_default_template_for_extend_power_system" name="login_bp">
    <skipped/>
  </testcase>
  <testcase time="0" classname="maven_package_1.Test_default_template_for_extend_power_system" name="login_w3">
    <skipped/>
  </testcase>
  <testcase time="0" classname="maven_package_1.Test_default_template_for_extend_power_system" name="Default_template_power_extend">
    <skipped/>
  </testcase>
  <testcase time="0" classname="resources.Test_Login" name="login_bp">
    <skipped/>
  </testcase>
  <testcase time="0" classname="resources.Test_Login" name="login_w3">
    <skipped/>
  </testcase>
  <testcase time="0" classname="maven_package_1.Test_MSACheck_cannotbeReassigned_toHosting" name="MSA_Check_cannot_reassigned">
    <skipped/>
  </testcase>
  <testcase time="0" classname="maven_package_1.Test_MSA_comp_comments" name="MSA_complete_comments">
    <skipped/>
  </testcase>
  <testcase time="0" classname="maven_package_2.Test_MSA_microflow" name="f_MSA_microflow">
    <skipped/>
  </testcase>
  <testcase time="0" classname="maven_package_2.Test_MSA_microflow_linuxOne" name="f_MSA_microflow_linuxOne">
    <skipped/>
  </testcase>
  <testcase time="0" classname="maven_package_2.Test_MSA_microflow_ps" name="f_MSA_microflow_ps">
    <skipped/>
  </testcase>
  <testcase time="0" classname="maven_package_3.Test_Rejecetd_LinuxONE" name="Rej_linuxone">
    <skipped/>
  </testcase>
  <testcase time="0" classname="maven_package_3.Test_Rejected_Power_system" name="Rej_powersystem">
    <skipped/>
  </testcase>
  <testcase time="0" classname="maven_package_1.Test_Rejected_reprocess_LinuxONE" name="Test_Rej_linuxone">
    <skipped/>
  </testcase>
  <testcase time="0" classname="maven_package_1.Test_Rejected_reprocess_power_system" name="Test_Rej_Rep">
    <skipped/>
  </testcase>
  <testcase time="0" classname="maven_package_3.Test_Rejected_system_storage" name="Rej_linuxone">
    <skipped/>
  </testcase>
  <testcase time="0" classname="maven_package_1.Test_Request_ID_in_Manage_Tasks_tab" name="Request_id_manage_tasks">
    <skipped/>
  </testcase>
  <testcase time="0" classname="maven_package_1.Test_Request_ID_in_Tasks_tab" name="Request_id_tasks">
    <skipped/>
  </testcase>
  <testcase time="0" classname="maven_package_1.Test_Submit_Extension_form_LinuxONE" name="Submit_extension_LinuxONE">
    <skipped/>
  </testcase>
  <testcase time="0" classname="maven_package_1.Test_Submit_Extension_form_systemstorage" name="Submit_extension_systemstorage">
    <skipped/>
  </testcase>
  <testcase time="0" classname="maven_package_3.Test_System_timer_Initial_Review_for_IBM_Input_LinuxONE" name="System_timer_LinuxONE">
    <skipped/>
  </testcase>
  <testcase time="0" classname="maven_package_3.Test_System_timer_Initial_Review_for_IBM_Input_Powersystem" name="SystemTimer_Powersystem">
    <skipped/>
  </testcase>
  <testcase time="0" classname="maven_package_3.Test_System_timer_Initial_Review_for_IBM_Input_Systemstorage" name="SystemTimer_Systemstorage">
    <skipped/>
  </testcase>
  <testcase time="0" classname="maven_package_1.Test_Update_LinuxONE" name="test_upd_from_app_linuxone">
    <skipped/>
  </testcase>
  <testcase time="0" classname="maven_package_1.Test_Update_Power_system" name="test_upd_from_app_PS">
    <skipped/>
  </testcase>
  <testcase time="0" classname="maven_package_1.Test_Update_System_storage" name="test_upd_from_app_SS">
    <skipped/>
  </testcase>
  <testcase time="0" classname="maven_package_1.Test_approve_ps" name="approve_power_system">
    <skipped/>
  </testcase>
  <testcase time="0" classname="maven_package_2.Test_approve_ps" name="f_proxy_voting_power">
    <skipped/>
  </testcase>
  <testcase time="0" classname="maven_package_1.Test_blanket_comp_comments" name="blanket_complete_comments">
    <skipped/>
  </testcase>
  <testcase time="0" classname="maven_package_1.Test_default_template_for_update_LinuxONE" name="Default_template_LinuxONE_update">
    <skipped/>
  </testcase>
  <testcase time="0" classname="maven_package_1.Test_default_template_for_update_system_storage" name="Default_template_LinuxONE_update">
    <skipped/>
  </testcase>
  <testcase time="0" classname="maven_package_1.Test_dupe_comp_comments" name="Dupe_complete_complete">
    <skipped/>
  </testcase>
  <testcase time="0" classname="maven_package_1.Test_dupli_HA_comp_cmnts" name="dupli_HA_complete_comments">
    <skipped/>
  </testcase>
  <testcase time="0" classname="maven_package_2.Test_proxy_voting_linuxOne" name="f_proxy_voting_linuxOne">
    <skipped/>
  </testcase>
  <testcase time="0" classname="maven_package_2.Test_proxy_voting_power" name="f_proxy_voting_power">
    <skipped/>
  </testcase>
  <testcase time="0" classname="maven_package_2.Test_proxy_voting_ss" name="f_proxy_voting_ss">
    <skipped/>
  </testcase>
  <testcase time="0" classname="maven_package_1.Test_reg_approve_ss" name="Email_notify_Approve_system_storage">
    <skipped/>
  </testcase>
  <testcase time="0" classname="maven_package_1.Test_reg_expire_ps" name="Email_Notify_expire_ps">
    <skipped/>
  </testcase>
  <testcase time="0" classname="maven_package_1.Test_reg_expire_ss" name="Email_Notify_expire_ss">
    <skipped/>
  </testcase>
  <testcase time="0" classname="maven_package_1.Test_reg_inc_ps" name="Email_incomplete_PS">
    <skipped/>
  </testcase>
  <testcase time="0" classname="maven_package_1.Test_reg_inc_ss" name="Email_incomplete_SS">
    <skipped/>
  </testcase>
  <testcase time="0" classname="maven_package_1.Test_reg_submitted_ss" name="Email_submitted_SS">
    <skipped/>
  </testcase>
  <testcase time="0" classname="maven_package_1.Test_reg_withdrawn_ps" name="Email_withdrawn_PS">
    <skipped/>
  </testcase>
  <testcase time="0" classname="maven_package_1.Test_reg_withdrawn_ss" name="Email_withdrawn_SS">
    <skipped/>
  </testcase>
  <testcase time="0" classname="maven_package_1.Test_reprocess_app" name="Reprocess_Approved">
    <skipped/>
  </testcase>
  <testcase time="0" classname="maven_package_1.Test_reprocess_expire" name="Reprocess_Expire">
    <skipped/>
  </testcase>
  <testcase time="0" classname="maven_package_1.Test_reprocess_inc" name="Reprocess_Incomplete">
    <skipped/>
  </testcase>
  <testcase time="0" classname="maven_package_1.Test_reprocess_rej" name="Reprocess_Reject">
    <skipped/>
  </testcase>
  <testcase time="0" classname="maven_package_1.Test_reprocess_withdrawn" name="Reprocess_withdrawn">
    <skipped/>
  </testcase>
  <testcase time="0" classname="maven_package_1.Test_submitted_ps" name="Email_Submitted_PS">
    <skipped/>
  </testcase>
  <testcase time="0" classname="maven_package_2.Testcase2842_linuxOne" name="f_2842_linuxOne">
    <skipped/>
  </testcase>
</testsuite>