<?xml version="1.0" encoding="UTF-8"?>
<testsuite xmlns:xsi="http://www.w3.org/2001/XMLSchema-instance" xsi:schemaLocation="https://maven.apache.org/surefire/maven-surefire-plugin/xsd/surefire-test-report.xsd" name="TestSuite" time="307.712" tests="2" errors="0" skipped="0" failures="1">
  <properties>
    <property name="java.vendor" value="Oracle Corporation"/>
    <property name="JOB_NAME" value="Maven_Project_1"/>
    <property name="localRepository" value="C:\.m2\repository"/>
    <property name="sun.java.launcher" value="SUN_STANDARD"/>
    <property name="NUMBER_OF_PROCESSORS" value="4"/>
    <property name="sun.management.compiler" value="HotSpot 64-Bit Tiered Compilers"/>
    <property name="JENKINS_HOME" value="C:\Program Files (x86)\Jenkins"/>
    <property name="HUDSON_SERVER_COOKIE" value="a32a4a8588769655"/>
    <property name="POM_ARTIFACTID" value="Export_Report"/>
    <property name="os.name" value="Windows 7"/>
    <property name="sun.boot.class.path" value="C:\Program Files\Java\jdk1.7.0_51\jre\lib\resources.jar;C:\Program Files\Java\jdk1.7.0_51\jre\lib\rt.jar;C:\Program Files\Java\jdk1.7.0_51\jre\lib\sunrsasign.jar;C:\Program Files\Java\jdk1.7.0_51\jre\lib\jsse.jar;C:\Program Files\Java\jdk1.7.0_51\jre\lib\jce.jar;C:\Program Files\Java\jdk1.7.0_51\jre\lib\charsets.jar;C:\Program Files\Java\jdk1.7.0_51\jre\lib\jfr.jar;C:\Program Files\Java\jdk1.7.0_51\jre\classes"/>
    <property name="EXECUTOR_NUMBER" value="1"/>
    <property name="sun.desktop" value="windows"/>
    <property name="PATHEXT" value=".COM;.EXE;.BAT;.CMD;.VBS;.VBE;.JS;.JSE;.WSF;.WSH;.MSC"/>
    <property name="java.vm.specification.vendor" value="Oracle Corporation"/>
    <property name="POM_DISPLAYNAME" value="Export_Report"/>
    <property name="NODE_LABELS" value="master"/>
    <property name="TEMP" value="C:\windows\TEMP"/>
    <property name="java.runtime.version" value="1.7.0_51-b13"/>
    <property name="ANT_HOME" value="C:\Users\IBM_ADMIN\Documents\DDFramework\apache-ant-1.9.4-bin\apache-ant-1.9.4"/>
    <property name="user.name" value="ADMINIB-D2MM1F7$"/>
    <property name="guice.disable.misplaced.annotation.check" value="true"/>
    <property name="CommonProgramW6432" value="C:\Program Files\Common Files"/>
    <property name="ProgramFiles" value="C:\Program Files (x86)"/>
    <property name="user.language" value="en"/>
    <property name="JOB_BASE_NAME" value="Maven_Project_1"/>
    <property name="M2" value="C:\Users\IBM_ADMIN\apache-maven-3.3.9-bin\apache-maven-3.3.9\bin"/>
    <property name="BUILD_DISPLAY_NAME" value="#18"/>
    <property name="sun.boot.library.path" value="C:\Program Files\Java\jdk1.7.0_51\jre\bin"/>
    <property name="GIT_PREVIOUS_SUCCESSFUL_COMMIT" value="5a162b443c889d0152a4d12c600daf5f55b717ae"/>
    <property name="LOCALAPPDATA" value="C:\windows\system32\config\systemprofile\AppData\Local"/>
    <property name="java.version" value="1.7.0_51"/>
    <property name="PROCESSOR_LEVEL" value="6"/>
    <property name="user.timezone" value="Asia/Calcutta"/>
    <property name="USERNAME" value="ADMINIB-D2MM1F7$"/>
    <property name="sun.arch.data.model" value="64"/>
    <property name="NODE_NAME" value="master"/>
    <property name="COMMPath" value="C:\Program Files\Lenovo\Communications Utility"/>
    <property name="PROCESSOR_ARCHITEW6432" value="AMD64"/>
    <property name="java.endorsed.dirs" value="C:\Program Files\Java\jdk1.7.0_51\jre\lib\endorsed"/>
    <property name="BUILD_ID" value="18"/>
    <property name="sun.cpu.isalist" value="amd64"/>
    <property name="sun.jnu.encoding" value="Cp1252"/>
    <property name="file.encoding.pkg" value="sun.io"/>
    <property name="file.separator" value="\"/>
    <property name="java.specification.name" value="Java Platform API Specification"/>
    <property name="java.class.version" value="51.0"/>
    <property name="org.slf4j.simpleLogger.defaultLogLevel" value="info"/>
    <property name="user.country" value="US"/>
    <property name="ALLUSERSPROFILE" value="C:\ProgramData"/>
    <property name="java.home" value="C:\Program Files\Java\jdk1.7.0_51\jre"/>
    <property name="java.vm.info" value="mixed mode"/>
    <property name="os.version" value="6.1"/>
    <property name="POM_VERSION" value="0.0.1-SNAPSHOT"/>
    <property name="webdriver.chrome.driver" value="C:\Users\IBM_ADMIN\git\Maven_project\src\test\resources\chromedriver.exe"/>
    <property name="TMP" value="C:\windows\TEMP"/>
    <property name="path.separator" value=";"/>
    <property name="java.vm.version" value="24.51-b03"/>
    <property name="user.variant" value=""/>
    <property name="GIT_PREVIOUS_COMMIT" value="5a162b443c889d0152a4d12c600daf5f55b717ae"/>
    <property name="CommonProgramFiles(x86)" value="C:\Program Files (x86)\Common Files"/>
    <property name="java.awt.printerjob" value="sun.awt.windows.WPrinterJob"/>
    <property name="FP_NO_HOST_CHECK" value="NO"/>
    <property name="JAVA_HOME" value="C:\Program Files\Java\jdk1.7.0_51"/>
    <property name="sun.io.unicode.encoding" value="UnicodeLittle"/>
    <property name="CommonProgramFiles" value="C:\Program Files (x86)\Common Files"/>
    <property name="ComSpec" value="C:\windows\system32\cmd.exe"/>
    <property name="awt.toolkit" value="sun.awt.windows.WToolkit"/>
    <property name="POM_PACKAGING" value="jar"/>
    <property name="TSMPATH" value="C:\Program Files\ThinkPad\UltraNav Utility"/>
    <property name="user.script" value=""/>
    <property name="COMPUTERNAME" value="ADMINIB-D2MM1F7"/>
    <property name="SERVICE_ID" value="jenkins"/>
    <property name="POM_GROUPID" value="com.ibm"/>
    <property name="user.home" value="C:\"/>
    <property name="PUBLIC" value="C:\Users\Public"/>
    <property name="BUILD_TAG" value="jenkins-Maven_Project_1-18"/>
    <property name="JENKINS_SERVER_COOKIE" value="a32a4a8588769655"/>
    <property name="HUDSON_URL" value="http://localhost:8080/"/>
    <property name="ProgramData" value="C:\ProgramData"/>
    <property name="java.specification.vendor" value="Oracle Corporation"/>
    <property name="USERPROFILE" value="C:\windows\system32\config\systemprofile"/>
    <property name="CLASSPATH" value=""/>
    <property name="java.vendor.url" value="http://java.oracle.com/"/>
    <property name="java.library.path" value="C:\Program Files\Java\jdk1.7.0_51\bin;C:\windows\Sun\Java\bin;C:\windows\system32;C:\windows;C:\Users\IBM_ADMIN\Downloads\apache-maven-3.3.9-bin\apache-maven-3.3.9/bin;C:\Program Files\Java\jdk1.7.0_51/bin;C:\Program Files\Java\jdk1.7.0_51/bin;C:\windows\system32;C:\windows;C:\windows\System32\Wbem;C:\windows\System32\WindowsPowerShell\v1.0\;C:\Program Files\ThinkPad\Bluetooth Software\;C:\Program Files\ThinkPad\Bluetooth Software\syswow64;C:\Program Files\Intel\WiFi\bin\;C:\Program Files\Common Files\Intel\WirelessCommon\;C:\Program Files (x86)\IBM\Personal Communications\;C:\Program Files (x86)\IBM\Trace Facility\;C:\Program Files (x86)\Common Files\Roxio Shared\DLLShared\;C:\Program Files (x86)\Common Files\Roxio Shared\DLLShared\;C:\Program Files (x86)\Common Files\Roxio Shared\13.0\DLLShared\;C:\Program Files (x86)\IBM\Mobility Client\;C:\Program Files\Java\jdk1.7.0_51\bin;C:\Users\IBM_ADMIN\Documents\DDFramework\apache-ant-1.9.4-bin\apache-ant-1.9.4\bin;C:\Users\IBM_ADMIN\apache-maven-3.3.9-bin\apache-maven-3.3.9\bin;;."/>
    <property name="java.vm.vendor" value="Oracle Corporation"/>
    <property name="APPDATA" value="C:\windows\system32\config\systemprofile\AppData\Roaming"/>
    <property name="java.runtime.name" value="Java(TM) SE Runtime Environment"/>
    <property name="maven.home" value="C:\Users\IBM_ADMIN\Downloads\apache-maven-3.3.9-bin\apache-maven-3.3.9"/>
    <property name="java.class.path" value="C:\Program Files (x86)\Jenkins\plugins\maven-plugin\WEB-INF\lib\maven32-agent-1.7.jar;C:\Users\IBM_ADMIN\Downloads\apache-maven-3.3.9-bin\apache-maven-3.3.9\boot\plexus-classworlds-2.5.2.jar;C:\Users\IBM_ADMIN\Downloads\apache-maven-3.3.9-bin\apache-maven-3.3.9/conf/logging"/>
    <property name="sun.java.command" value="jenkins.maven3.agent.Maven32Main C:\Users\IBM_ADMIN\Downloads\apache-maven-3.3.9-bin\apache-maven-3.3.9 C:\Program Files (x86)\Jenkins\war\WEB-INF\lib\remoting-2.60.jar C:\Program Files (x86)\Jenkins\plugins\maven-plugin\WEB-INF\lib\maven32-interceptor-1.7.jar C:\Program Files (x86)\Jenkins\plugins\maven-plugin\WEB-INF\lib\maven3-interceptor-commons-1.7.jar 52265"/>
    <property name="IBM_RATIONAL_RFT_ECLIPSE_DIR" value="C:\Program Files (x86)\IBM\SDP"/>
    <property name="Path" value="C:\Program Files\Java\jdk1.7.0_51/bin;C:\windows\system32;C:\windows;C:\windows\System32\Wbem;C:\windows\System32\WindowsPowerShell\v1.0\;C:\Program Files\ThinkPad\Bluetooth Software\;C:\Program Files\ThinkPad\Bluetooth Software\syswow64;C:\Program Files\Intel\WiFi\bin\;C:\Program Files\Common Files\Intel\WirelessCommon\;C:\Program Files (x86)\IBM\Personal Communications\;C:\Program Files (x86)\IBM\Trace Facility\;C:\Program Files (x86)\Common Files\Roxio Shared\DLLShared\;C:\Program Files (x86)\Common Files\Roxio Shared\DLLShared\;C:\Program Files (x86)\Common Files\Roxio Shared\13.0\DLLShared\;C:\Program Files (x86)\IBM\Mobility Client\;C:\Program Files\Java\jdk1.7.0_51\bin;C:\Users\IBM_ADMIN\Documents\DDFramework\apache-ant-1.9.4-bin\apache-ant-1.9.4\bin;C:\Users\IBM_ADMIN\apache-maven-3.3.9-bin\apache-maven-3.3.9\bin;"/>
    <property name="java.vm.specification.name" value="Java Virtual Machine Specification"/>
    <property name="PROCESSOR_ARCHITECTURE" value="x86"/>
    <property name="PATH+JDK" value="C:\Program Files\Java\jdk1.7.0_51/bin"/>
    <property name="PROCESSOR_IDENTIFIER" value="Intel64 Family 6 Model 42 Stepping 7, GenuineIntel"/>
    <property name="java.vm.specification.version" value="1.7"/>
    <property name="sun.os.patch.level" value="Service Pack 1"/>
    <property name="sun.cpu.endian" value="little"/>
    <property name="M2_HOME" value="C:\Users\IBM_ADMIN\Downloads\apache-maven-3.3.9-bin\apache-maven-3.3.9"/>
    <property name="surefire.test.class.path" value="C:\Users\IBM_ADMIN\git\Maven_project\target\test-classes;C:\Users\IBM_ADMIN\git\Maven_project\target\classes;C:\.m2\repository\org\testng\testng\6.9.8\testng-6.9.8.jar;C:\.m2\repository\org\beanshell\bsh\2.0b4\bsh-2.0b4.jar;C:\.m2\repository\com\beust\jcommander\1.48\jcommander-1.48.jar;C:\.m2\repository\org\apache\servicemix\bundles\org.apache.servicemix.bundles.poi\3.14_1\org.apache.servicemix.bundles.poi-3.14_1.jar;C:\.m2\repository\commons-logging\commons-logging\1.1\commons-logging-1.1.jar;C:\.m2\repository\logkit\logkit\1.0.1\logkit-1.0.1.jar;C:\.m2\repository\avalon-framework\avalon-framework\4.1.3\avalon-framework-4.1.3.jar;C:\.m2\repository\javax\servlet\servlet-api\2.3\servlet-api-2.3.jar;C:\.m2\repository\log4j\log4j\1.2.13\log4j-1.2.13.jar;C:\.m2\repository\com\github\virtuald\curvesapi\1.03\curvesapi-1.03.jar;C:\.m2\repository\org\apache\xmlbeans\xmlbeans\2.6.0\xmlbeans-2.6.0.jar;C:\.m2\repository\commons-codec\commons-codec\1.5\commons-codec-1.5.jar;C:\.m2\repository\org\apache\poi\poi-ooxml-schemas\3.8\poi-ooxml-schemas-3.8.jar;C:\.m2\repository\dom4j\dom4j\1.6.1\dom4j-1.6.1.jar;C:\.m2\repository\xml-apis\xml-apis\1.0.b2\xml-apis-1.0.b2.jar;C:\.m2\repository\stax\stax-api\1.0.1\stax-api-1.0.1.jar;C:\.m2\repository\org\apache\poi\poi\3.9\poi-3.9.jar;C:\.m2\repository\org\seleniumhq\selenium\selenium-java\2.52.0\selenium-java-2.52.0.jar;C:\.m2\repository\org\seleniumhq\selenium\selenium-chrome-driver\2.52.0\selenium-chrome-driver-2.52.0.jar;C:\.m2\repository\org\seleniumhq\selenium\selenium-remote-driver\2.52.0\selenium-remote-driver-2.52.0.jar;C:\.m2\repository\cglib\cglib-nodep\2.1_3\cglib-nodep-2.1_3.jar;C:\.m2\repository\com\google\code\gson\gson\2.3.1\gson-2.3.1.jar;C:\.m2\repository\org\seleniumhq\selenium\selenium-api\2.52.0\selenium-api-2.52.0.jar;C:\.m2\repository\com\google\guava\guava\19.0\guava-19.0.jar;C:\.m2\repository\org\seleniumhq\selenium\selenium-edge-driver\2.52.0\selenium-edge-driver-2.52.0.jar;C:\.m2\repository\commons-io\commons-io\2.4\commons-io-2.4.jar;C:\.m2\repository\org\apache\commons\commons-exec\1.3\commons-exec-1.3.jar;C:\.m2\repository\org\seleniumhq\selenium\selenium-htmlunit-driver\2.52.0\selenium-htmlunit-driver-2.52.0.jar;C:\.m2\repository\net\sourceforge\htmlunit\htmlunit\2.18\htmlunit-2.18.jar;C:\.m2\repository\xalan\xalan\2.7.2\xalan-2.7.2.jar;C:\.m2\repository\xalan\serializer\2.7.2\serializer-2.7.2.jar;C:\.m2\repository\org\apache\commons\commons-lang3\3.4\commons-lang3-3.4.jar;C:\.m2\repository\org\apache\httpcomponents\httpmime\4.5\httpmime-4.5.jar;C:\.m2\repository\net\sourceforge\htmlunit\htmlunit-core-js\2.17\htmlunit-core-js-2.17.jar;C:\.m2\repository\xerces\xercesImpl\2.11.0\xercesImpl-2.11.0.jar;C:\.m2\repository\net\sourceforge\nekohtml\nekohtml\1.9.22\nekohtml-1.9.22.jar;C:\.m2\repository\net\sourceforge\cssparser\cssparser\0.9.16\cssparser-0.9.16.jar;C:\.m2\repository\org\w3c\css\sac\1.3\sac-1.3.jar;C:\.m2\repository\org\eclipse\jetty\websocket\websocket-client\9.2.12.v20150709\websocket-client-9.2.12.v20150709.jar;C:\.m2\repository\org\eclipse\jetty\jetty-util\9.2.12.v20150709\jetty-util-9.2.12.v20150709.jar;C:\.m2\repository\org\eclipse\jetty\jetty-io\9.2.12.v20150709\jetty-io-9.2.12.v20150709.jar;C:\.m2\repository\org\eclipse\jetty\websocket\websocket-common\9.2.12.v20150709\websocket-common-9.2.12.v20150709.jar;C:\.m2\repository\org\eclipse\jetty\websocket\websocket-api\9.2.12.v20150709\websocket-api-9.2.12.v20150709.jar;C:\.m2\repository\commons-collections\commons-collections\3.2.2\commons-collections-3.2.2.jar;C:\.m2\repository\org\apache\httpcomponents\httpclient\4.5.1\httpclient-4.5.1.jar;C:\.m2\repository\org\apache\httpcomponents\httpcore\4.4.3\httpcore-4.4.3.jar;C:\.m2\repository\org\seleniumhq\selenium\selenium-firefox-driver\2.52.0\selenium-firefox-driver-2.52.0.jar;C:\.m2\repository\org\seleniumhq\selenium\selenium-ie-driver\2.52.0\selenium-ie-driver-2.52.0.jar;C:\.m2\repository\net\java\dev\jna\jna\4.1.0\jna-4.1.0.jar;C:\.m2\repository\net\java\dev\jna\jna-platform\4.1.0\jna-platform-4.1.0.jar;C:\.m2\repository\org\seleniumhq\selenium\selenium-safari-driver\2.52.0\selenium-safari-driver-2.52.0.jar;C:\.m2\repository\org\seleniumhq\selenium\selenium-support\2.52.0\selenium-support-2.52.0.jar;C:\.m2\repository\org\webbitserver\webbit\0.4.14\webbit-0.4.14.jar;C:\.m2\repository\io\netty\netty\3.5.2.Final\netty-3.5.2.Final.jar;C:\.m2\repository\org\seleniumhq\selenium\selenium-leg-rc\2.52.0\selenium-leg-rc-2.52.0.jar;C:\.m2\repository\org\apache\maven\surefire\surefire-testng-utils\2.19.1\surefire-testng-utils-2.19.1.jar;C:\.m2\repository\org\apache\maven\surefire\surefire-grouper\2.19.1\surefire-grouper-2.19.1.jar;"/>
    <property name="java.io.tmpdir" value="C:\windows\TEMP\"/>
    <property name="OS" value="Windows_NT"/>
    <property name="HUDSON_HOME" value="C:\Program Files (x86)\Jenkins"/>
    <property name="PATH+MAVEN" value="C:\Users\IBM_ADMIN\Downloads\apache-maven-3.3.9-bin\apache-maven-3.3.9/bin"/>
    <property name="ProgramFiles(x86)" value="C:\Program Files (x86)"/>
    <property name="BUILD_URL" value="http://localhost:8080/job/Maven_Project_1/18/"/>
    <property name="java.vendor.url.bug" value="http://bugreport.sun.com/bugreport/"/>
    <property name="IBM_RATIONAL_RFT_INSTALL_DIR" value="C:\Program Files (x86)\IBM\SDP\FunctionalTester\bin"/>
    <property name="MAVEN_OPTS" value="-Xms256m -Xmx512m"/>
    <property name="java.awt.graphicsenv" value="sun.awt.Win32GraphicsEnvironment"/>
    <property name="os.arch" value="amd64"/>
    <property name="SystemRoot" value="C:\windows"/>
    <property name="java.ext.dirs" value="C:\Program Files\Java\jdk1.7.0_51\jre\lib\ext;C:\windows\Sun\Java\lib\ext"/>
    <property name="RCAUTOPLAY" value="C:\Program Files (x86)\Roxio 2011\Roxio Central\"/>
    <property name="user.dir" value="C:\Users\IBM_ADMIN\git\Maven_project"/>
    <property name="JOB_URL" value="http://localhost:8080/job/Maven_Project_1/"/>
    <property name="USERDOMAIN" value="WORKGROUP"/>
    <property name="line.separator" value="&#10;"/>
    <property name="MAVEN_HOME" value="C:\Users\IBM_ADMIN\Downloads\apache-maven-3.3.9-bin\apache-maven-3.3.9"/>
    <property name="java.vm.name" value="Java HotSpot(TM) 64-Bit Server VM"/>
    <property name="BUILD_NUMBER" value="18"/>
    <property name="BURN_AUTOPLAY" value="C:\Program Files (x86)\Roxio 2011\Roxio Burn\"/>
    <property name="BASE" value="C:\Program Files (x86)\Jenkins"/>
    <property name="JENKINS_URL" value="http://localhost:8080/"/>
    <property name="PROCESSOR_REVISION" value="2a07"/>
    <property name="GIT_BRANCH" value="origin/master"/>
    <property name="basedir" value="C:\Users\IBM_ADMIN\git\Maven_project"/>
    <property name="ProgramW6432" value="C:\Program Files"/>
    <property name="windir" value="C:\windows"/>
    <property name="GIT_COMMIT" value="599ff51adaf69343d3eb887466e4c8198dde510e"/>
    <property name="file.encoding" value="Cp1252"/>
    <property name="SystemDrive" value="C:"/>
    <property name="maven3.interceptor" value="C:\Program Files (x86)\Jenkins\plugins\maven-plugin\WEB-INF\lib\maven32-interceptor-1.7.jar"/>
    <property name="WORKSPACE" value="C:\Program Files (x86)\Jenkins\workspace\Maven_Project_1"/>
    <property name="maven3.interceptor.common" value="C:\Program Files (x86)\Jenkins\plugins\maven-plugin\WEB-INF\lib\maven3-interceptor-commons-1.7.jar"/>
    <property name="WINSW_EXECUTABLE" value="C:\Program Files (x86)\Jenkins\jenkins.exe"/>
    <property name="EMC_AUTOPLAY" value="C:\Program Files (x86)\Common Files\Roxio Shared\"/>
    <property name="java.specification.version" value="1.7"/>
    <property name="PSModulePath" value="C:\windows\system32\WindowsPowerShell\v1.0\Modules\"/>
    <property name="PCOMM_Root" value="C:\Program Files (x86)\IBM\Personal Communications\"/>
    <property name="GIT_URL" value="https://github.com/Nimisha12Vaish/Maven_project.git"/>
  </properties>
  <testcase name="Email_Notify_Blanket_PS" classname="maven_package_1.Test_Email_Notification_Blanket_ps" time="170.245">
    <failure message="no such element&#10;  (Session info: chrome=53.0.2785.116)&#10;  (Driver info: chromedriver=2.11.298604 (75ea2fdb5c87f133a8e1b8da16f6091fb7d5321e),platform=Windows NT 6.1 SP1 x86_64) (WARNING: The server did not provide any stacktrace information)&#10;Command duration or timeout: 30.05 seconds&#10;For documentation on this error, please visit: http://seleniumhq.org/exceptions/no_such_element.html&#10;Build info: version: &apos;2.52.0&apos;, revision: &apos;4c2593cfc3689a7fcd7be52549167e5ccc93ad28&apos;, time: &apos;2016-02-11 11:22:43&apos;&#10;System info: host: &apos;ADMINIB-D2MM1F7&apos;, ip: &apos;9.120.231.56&apos;, os.name: &apos;Windows 7&apos;, os.arch: &apos;amd64&apos;, os.version: &apos;6.1&apos;, java.version: &apos;1.7.0_51&apos;&#10;*** Element info: {Using=css selector, value=input[id^=&apos;ema&apos;]}&#10;Session ID: 1bacdb697fdb2772da1d24a27d3f9342&#10;Driver info: org.openqa.selenium.chrome.ChromeDriver&#10;Capabilities [{platform=XP, acceptSslCerts=true, javascriptEnabled=true, browserName=chrome, chrome={userDataDir=C:\windows\TEMP\scoped_dir8804_13326}, rotatable=false, locationContextEnabled=true, mobileEmulationEnabled=false, version=53.0.2785.116, takesHeapSnapshot=true, cssSelectorsEnabled=true, databaseEnabled=false, handlesAlerts=true, browserConnectionEnabled=false, webStorageEnabled=true, nativeEvents=true, applicationCacheEnabled=false, takesScreenshot=true}]" type="org.openqa.selenium.NoSuchElementException">org.openqa.selenium.NoSuchElementException: 
no such element
  (Session info: chrome=53.0.2785.116)
  (Driver info: chromedriver=2.11.298604 (75ea2fdb5c87f133a8e1b8da16f6091fb7d5321e),platform=Windows NT 6.1 SP1 x86_64) (WARNING: The server did not provide any stacktrace information)
Command duration or timeout: 30.05 seconds
For documentation on this error, please visit: http://seleniumhq.org/exceptions/no_such_element.html
Build info: version: '2.52.0', revision: '4c2593cfc3689a7fcd7be52549167e5ccc93ad28', time: '2016-02-11 11:22:43'
System info: host: 'ADMINIB-D2MM1F7', ip: '9.120.231.56', os.name: 'Windows 7', os.arch: 'amd64', os.version: '6.1', java.version: '1.7.0_51'
*** Element info: {Using=css selector, value=input[id^='ema']}
Session ID: 1bacdb697fdb2772da1d24a27d3f9342
Driver info: org.openqa.selenium.chrome.ChromeDriver
Capabilities [{platform=XP, acceptSslCerts=true, javascriptEnabled=true, browserName=chrome, chrome={userDataDir=C:\windows\TEMP\scoped_dir8804_13326}, rotatable=false, locationContextEnabled=true, mobileEmulationEnabled=false, version=53.0.2785.116, takesHeapSnapshot=true, cssSelectorsEnabled=true, databaseEnabled=false, handlesAlerts=true, browserConnectionEnabled=false, webStorageEnabled=true, nativeEvents=true, applicationCacheEnabled=false, takesScreenshot=true}]
	at maven_package_1.Test_Email_Notification_Blanket_ps.Email_Notify_Blanket_PS(Test_Email_Notification_Blanket_ps.java:103)
</failure>
    <system-out><![CDATA[-----Email Notification----
=====Email Notification=====
Mail template:
true
]]></system-out>
    <system-err><![CDATA[Starting ChromeDriver (v2.11.298604 (75ea2fdb5c87f133a8e1b8da16f6091fb7d5321e)) on port 47246
Only local connections are allowed.
log4j:WARN No appenders could be found for logger (org.apache.http.client.protocol.RequestAddCookies).
log4j:WARN Please initialize the log4j system properly.
]]></system-err>
  </testcase>
  <testcase name="Blanket_checked_cannot_be_reassigned" classname="maven_package_1.Test_BlanketCheck_cannot_Reassigned" time="137.049"/>
</testsuite>