<?xml version="1.0" encoding="UTF-8" ?>
<testsuite failures="1" time="131.846" errors="0" skipped="45" tests="46" name="TestSuite">
  <properties>
    <property name="java.vendor" value="Oracle Corporation"/>
    <property name="JOB_NAME" value="Maven_Project_1"/>
    <property name="sun.java.launcher" value="SUN_STANDARD"/>
    <property name="NUMBER_OF_PROCESSORS" value="4"/>
    <property name="sun.management.compiler" value="HotSpot 64-Bit Tiered Compilers"/>
    <property name="JENKINS_HOME" value="C:\Program Files (x86)\Jenkins"/>
    <property name="HUDSON_SERVER_COOKIE" value="a32a4a8588769655"/>
    <property name="POM_ARTIFACTID" value="Maven_project"/>
    <property name="os.name" value="Windows 7"/>
    <property name="sun.boot.class.path" value="C:\Program Files\Java\jdk1.7.0_51\jre\lib\resources.jar;C:\Program Files\Java\jdk1.7.0_51\jre\lib\rt.jar;C:\Program Files\Java\jdk1.7.0_51\jre\lib\sunrsasign.jar;C:\Program Files\Java\jdk1.7.0_51\jre\lib\jsse.jar;C:\Program Files\Java\jdk1.7.0_51\jre\lib\jce.jar;C:\Program Files\Java\jdk1.7.0_51\jre\lib\charsets.jar;C:\Program Files\Java\jdk1.7.0_51\jre\lib\jfr.jar;C:\Program Files\Java\jdk1.7.0_51\jre\classes"/>
    <property name="EXECUTOR_NUMBER" value="0"/>
    <property name="sun.desktop" value="windows"/>
    <property name="PATHEXT" value=".COM;.EXE;.BAT;.CMD;.VBS;.VBE;.JS;.JSE;.WSF;.WSH;.MSC"/>
    <property name="java.vm.specification.vendor" value="Oracle Corporation"/>
    <property name="POM_DISPLAYNAME" value="Maven_project"/>
    <property name="NODE_LABELS" value="master"/>
    <property name="TEMP" value="C:\windows\TEMP"/>
    <property name="java.runtime.version" value="1.7.0_51-b13"/>
    <property name="ANT_HOME" value="C:\Users\IBM_ADMIN\Documents\DDFramework\apache-ant-1.9.4-bin\apache-ant-1.9.4"/>
    <property name="user.name" value="ADMINIB-D2MM1F7$"/>
    <property name="guice.disable.misplaced.annotation.check" value="true"/>
    <property name="CommonProgramW6432" value="C:\Program Files\Common Files"/>
    <property name="ProgramFiles" value="C:\Program Files (x86)"/>
    <property name="user.language" value="en"/>
    <property name="JOB_BASE_NAME" value="Maven_Project_1"/>
    <property name="BUILD_DISPLAY_NAME" value="#10"/>
    <property name="sun.boot.library.path" value="C:\Program Files\Java\jdk1.7.0_51\jre\bin"/>
    <property name="LOCALAPPDATA" value="C:\windows\system32\config\systemprofile\AppData\Local"/>
    <property name="java.version" value="1.7.0_51"/>
    <property name="PROCESSOR_LEVEL" value="6"/>
    <property name="user.timezone" value="Asia/Calcutta"/>
    <property name="USERNAME" value="ADMINIB-D2MM1F7$"/>
    <property name="sun.arch.data.model" value="64"/>
    <property name="NODE_NAME" value="master"/>
    <property name="COMMPath" value="C:\Program Files\Lenovo\Communications Utility"/>
    <property name="PROCESSOR_ARCHITEW6432" value="AMD64"/>
    <property name="java.endorsed.dirs" value="C:\Program Files\Java\jdk1.7.0_51\jre\lib\endorsed"/>
    <property name="BUILD_ID" value="10"/>
    <property name="sun.cpu.isalist" value="amd64"/>
    <property name="sun.jnu.encoding" value="Cp1252"/>
    <property name="file.encoding.pkg" value="sun.io"/>
    <property name="file.separator" value="\"/>
    <property name="java.specification.name" value="Java Platform API Specification"/>
    <property name="java.class.version" value="51.0"/>
    <property name="org.slf4j.simpleLogger.defaultLogLevel" value="info"/>
    <property name="user.country" value="US"/>
    <property name="ALLUSERSPROFILE" value="C:\ProgramData"/>
    <property name="java.home" value="C:\Program Files\Java\jdk1.7.0_51\jre"/>
    <property name="java.vm.info" value="mixed mode"/>
    <property name="os.version" value="6.1"/>
    <property name="POM_VERSION" value="0.0.1-SNAPSHOT"/>
    <property name="TMP" value="C:\windows\TEMP"/>
    <property name="path.separator" value=";"/>
    <property name="java.vm.version" value="24.51-b03"/>
    <property name="user.variant" value=""/>
    <property name="CommonProgramFiles(x86)" value="C:\Program Files (x86)\Common Files"/>
    <property name="java.awt.printerjob" value="sun.awt.windows.WPrinterJob"/>
    <property name="FP_NO_HOST_CHECK" value="NO"/>
    <property name="JAVA_HOME" value="C:\Program Files\Java\jdk1.7.0_51"/>
    <property name="sun.io.unicode.encoding" value="UnicodeLittle"/>
    <property name="CommonProgramFiles" value="C:\Program Files (x86)\Common Files"/>
    <property name="ComSpec" value="C:\windows\system32\cmd.exe"/>
    <property name="awt.toolkit" value="sun.awt.windows.WToolkit"/>
    <property name="POM_PACKAGING" value="jar"/>
    <property name="TSMPATH" value="C:\Program Files\ThinkPad\UltraNav Utility"/>
    <property name="SERVICE_ID" value="jenkins"/>
    <property name="COMPUTERNAME" value="ADMINIB-D2MM1F7"/>
    <property name="user.script" value=""/>
    <property name="POM_GROUPID" value="com.selenium"/>
    <property name="PUBLIC" value="C:\Users\Public"/>
    <property name="user.home" value="C:\"/>
    <property name="BUILD_TAG" value="jenkins-Maven_Project_1-10"/>
    <property name="JENKINS_SERVER_COOKIE" value="a32a4a8588769655"/>
    <property name="HUDSON_URL" value="http://localhost:8080/"/>
    <property name="ProgramData" value="C:\ProgramData"/>
    <property name="java.specification.vendor" value="Oracle Corporation"/>
    <property name="USERPROFILE" value="C:\windows\system32\config\systemprofile"/>
    <property name="CLASSPATH" value=""/>
    <property name="java.vendor.url" value="http://java.oracle.com/"/>
    <property name="java.library.path" value="C:\Program Files\Java\jdk1.7.0_51\bin;C:\windows\Sun\Java\bin;C:\windows\system32;C:\windows;C:\Users\IBM_ADMIN\Downloads\apache-maven-3.3.9-bin\apache-maven-3.3.9/bin;C:\Program Files\Java\jdk1.7.0_51/bin;C:\Program Files\Java\jdk1.7.0_51/bin;C:\windows\system32;C:\windows;C:\windows\System32\Wbem;C:\windows\System32\WindowsPowerShell\v1.0\;C:\Program Files\ThinkPad\Bluetooth Software\;C:\Program Files\ThinkPad\Bluetooth Software\syswow64;C:\Program Files\Intel\WiFi\bin\;C:\Program Files\Common Files\Intel\WirelessCommon\;C:\Program Files (x86)\IBM\Personal Communications\;C:\Program Files (x86)\IBM\Trace Facility\;C:\Program Files (x86)\Common Files\Roxio Shared\DLLShared\;C:\Program Files (x86)\Common Files\Roxio Shared\DLLShared\;C:\Program Files (x86)\Common Files\Roxio Shared\13.0\DLLShared\;C:\Program Files (x86)\IBM\Mobility Client\;C:\Program Files\Java\jdk1.7.0_51\bin;C:\Users\IBM_ADMIN\Documents\DDFramework\apache-ant-1.9.4-bin\apache-ant-1.9.4\bin;;."/>
    <property name="java.vm.vendor" value="Oracle Corporation"/>
    <property name="APPDATA" value="C:\windows\system32\config\systemprofile\AppData\Roaming"/>
    <property name="java.runtime.name" value="Java(TM) SE Runtime Environment"/>
    <property name="maven.home" value="C:\Users\IBM_ADMIN\Downloads\apache-maven-3.3.9-bin\apache-maven-3.3.9"/>
    <property name="java.class.path" value="C:\Program Files (x86)\Jenkins\plugins\maven-plugin\WEB-INF\lib\maven32-agent-1.7.jar;C:\Users\IBM_ADMIN\Downloads\apache-maven-3.3.9-bin\apache-maven-3.3.9\boot\plexus-classworlds-2.5.2.jar;C:\Users\IBM_ADMIN\Downloads\apache-maven-3.3.9-bin\apache-maven-3.3.9/conf/logging"/>
    <property name="sun.java.command" value="jenkins.maven3.agent.Maven32Main C:\Users\IBM_ADMIN\Downloads\apache-maven-3.3.9-bin\apache-maven-3.3.9 C:\Program Files (x86)\Jenkins\war\WEB-INF\lib\remoting-2.60.jar C:\Program Files (x86)\Jenkins\plugins\maven-plugin\WEB-INF\lib\maven32-interceptor-1.7.jar C:\Program Files (x86)\Jenkins\plugins\maven-plugin\WEB-INF\lib\maven3-interceptor-commons-1.7.jar 62669"/>
    <property name="IBM_RATIONAL_RFT_ECLIPSE_DIR" value="C:\Program Files (x86)\IBM\SDP"/>
    <property name="Path" value="C:\Program Files\Java\jdk1.7.0_51/bin;C:\windows\system32;C:\windows;C:\windows\System32\Wbem;C:\windows\System32\WindowsPowerShell\v1.0\;C:\Program Files\ThinkPad\Bluetooth Software\;C:\Program Files\ThinkPad\Bluetooth Software\syswow64;C:\Program Files\Intel\WiFi\bin\;C:\Program Files\Common Files\Intel\WirelessCommon\;C:\Program Files (x86)\IBM\Personal Communications\;C:\Program Files (x86)\IBM\Trace Facility\;C:\Program Files (x86)\Common Files\Roxio Shared\DLLShared\;C:\Program Files (x86)\Common Files\Roxio Shared\DLLShared\;C:\Program Files (x86)\Common Files\Roxio Shared\13.0\DLLShared\;C:\Program Files (x86)\IBM\Mobility Client\;C:\Program Files\Java\jdk1.7.0_51\bin;C:\Users\IBM_ADMIN\Documents\DDFramework\apache-ant-1.9.4-bin\apache-ant-1.9.4\bin;"/>
    <property name="java.vm.specification.name" value="Java Virtual Machine Specification"/>
    <property name="PROCESSOR_ARCHITECTURE" value="x86"/>
    <property name="PATH+JDK" value="C:\Program Files\Java\jdk1.7.0_51/bin"/>
    <property name="PROCESSOR_IDENTIFIER" value="Intel64 Family 6 Model 42 Stepping 7, GenuineIntel"/>
    <property name="java.vm.specification.version" value="1.7"/>
    <property name="sun.os.patch.level" value="Service Pack 1"/>
    <property name="sun.cpu.endian" value="little"/>
    <property name="M2_HOME" value="C:\Users\IBM_ADMIN\Downloads\apache-maven-3.3.9-bin\apache-maven-3.3.9"/>
    <property name="java.io.tmpdir" value="C:\windows\TEMP\"/>
    <property name="OS" value="Windows_NT"/>
    <property name="HUDSON_HOME" value="C:\Program Files (x86)\Jenkins"/>
    <property name="PATH+MAVEN" value="C:\Users\IBM_ADMIN\Downloads\apache-maven-3.3.9-bin\apache-maven-3.3.9/bin"/>
    <property name="ProgramFiles(x86)" value="C:\Program Files (x86)"/>
    <property name="BUILD_URL" value="http://localhost:8080/job/Maven_Project_1/10/"/>
    <property name="java.vendor.url.bug" value="http://bugreport.sun.com/bugreport/"/>
    <property name="IBM_RATIONAL_RFT_INSTALL_DIR" value="C:\Program Files (x86)\IBM\SDP\FunctionalTester\bin"/>
    <property name="java.awt.graphicsenv" value="sun.awt.Win32GraphicsEnvironment"/>
    <property name="os.arch" value="amd64"/>
    <property name="SystemRoot" value="C:\windows"/>
    <property name="java.ext.dirs" value="C:\Program Files\Java\jdk1.7.0_51\jre\lib\ext;C:\windows\Sun\Java\lib\ext"/>
    <property name="RCAUTOPLAY" value="C:\Program Files (x86)\Roxio 2011\Roxio Central\"/>
    <property name="user.dir" value="C:\Users\IBM_ADMIN\git\Maven_project"/>
    <property name="JOB_URL" value="http://localhost:8080/job/Maven_Project_1/"/>
    <property name="USERDOMAIN" value="WORKGROUP"/>
    <property name="line.separator" value="
"/>
    <property name="MAVEN_HOME" value="C:\Users\IBM_ADMIN\Downloads\apache-maven-3.3.9-bin\apache-maven-3.3.9"/>
    <property name="java.vm.name" value="Java HotSpot(TM) 64-Bit Server VM"/>
    <property name="BUILD_NUMBER" value="10"/>
    <property name="BURN_AUTOPLAY" value="C:\Program Files (x86)\Roxio 2011\Roxio Burn\"/>
    <property name="BASE" value="C:\Program Files (x86)\Jenkins"/>
    <property name="JENKINS_URL" value="http://localhost:8080/"/>
    <property name="PROCESSOR_REVISION" value="2a07"/>
    <property name="ProgramW6432" value="C:\Program Files"/>
    <property name="windir" value="C:\windows"/>
    <property name="file.encoding" value="Cp1252"/>
    <property name="SystemDrive" value="C:"/>
    <property name="maven3.interceptor" value="C:\Program Files (x86)\Jenkins\plugins\maven-plugin\WEB-INF\lib\maven32-interceptor-1.7.jar"/>
    <property name="WORKSPACE" value="C:\Program Files (x86)\Jenkins\workspace\Maven_Project_1"/>
    <property name="maven3.interceptor.common" value="C:\Program Files (x86)\Jenkins\plugins\maven-plugin\WEB-INF\lib\maven3-interceptor-commons-1.7.jar"/>
    <property name="WINSW_EXECUTABLE" value="C:\Program Files (x86)\Jenkins\jenkins.exe"/>
    <property name="EMC_AUTOPLAY" value="C:\Program Files (x86)\Common Files\Roxio Shared\"/>
    <property name="java.specification.version" value="1.7"/>
    <property name="PSModulePath" value="C:\windows\system32\WindowsPowerShell\v1.0\Modules\"/>
    <property name="PCOMM_Root" value="C:\Program Files (x86)\IBM\Personal Communications\"/>
  </properties>
  <testcase time="65.914" classname="maven_package_1.Test_GPP_Validation_System_storage" name="gpp_validation_system">
    <failure message="unknown error: unable to discover open pages
  (Driver info: chromedriver=2.11.298604 (75ea2fdb5c87f133a8e1b8da16f6091fb7d5321e),platform=Windows NT 6.1 SP1 x86_64) (WARNING: The server did not provide any stacktrace information)
Command duration or timeout: 62.48 seconds
Build info: version: &apos;2.53.0&apos;, revision: &apos;35ae25b1534ae328c771e0856c93e187490ca824&apos;, time: &apos;2016-03-15 10:43:46&apos;
System info: host: &apos;ADMINIB-D2MM1F7&apos;, ip: &apos;9.120.231.200&apos;, os.name: &apos;Windows 7&apos;, os.arch: &apos;amd64&apos;, os.version: &apos;6.1&apos;, java.version: &apos;1.7.0_51&apos;
Driver info: org.openqa.selenium.chrome.ChromeDriver" type="org.openqa.selenium.WebDriverException">org.openqa.selenium.WebDriverException: unknown error: unable to discover open pages
  (Driver info: chromedriver=2.11.298604 (75ea2fdb5c87f133a8e1b8da16f6091fb7d5321e),platform=Windows NT 6.1 SP1 x86_64) (WARNING: The server did not provide any stacktrace information)
Command duration or timeout: 62.48 seconds
Build info: version: &apos;2.53.0&apos;, revision: &apos;35ae25b1534ae328c771e0856c93e187490ca824&apos;, time: &apos;2016-03-15 10:43:46&apos;
System info: host: &apos;ADMINIB-D2MM1F7&apos;, ip: &apos;9.120.231.200&apos;, os.name: &apos;Windows 7&apos;, os.arch: &apos;amd64&apos;, os.version: &apos;6.1&apos;, java.version: &apos;1.7.0_51&apos;
Driver info: org.openqa.selenium.chrome.ChromeDriver
	at sun.reflect.NativeConstructorAccessorImpl.newInstance0(Native Method)
	at sun.reflect.NativeConstructorAccessorImpl.newInstance(NativeConstructorAccessorImpl.java:57)
	at sun.reflect.DelegatingConstructorAccessorImpl.newInstance(DelegatingConstructorAccessorImpl.java:45)
	at java.lang.reflect.Constructor.newInstance(Constructor.java:526)
	at org.openqa.selenium.remote.ErrorHandler.createThrowable(ErrorHandler.java:206)
	at org.openqa.selenium.remote.ErrorHandler.throwIfResponseFailed(ErrorHandler.java:158)
	at org.openqa.selenium.remote.RemoteWebDriver.execute(RemoteWebDriver.java:678)
	at org.openqa.selenium.remote.RemoteWebDriver.startSession(RemoteWebDriver.java:249)
	at org.openqa.selenium.remote.RemoteWebDriver.&lt;init&gt;(RemoteWebDriver.java:131)
	at org.openqa.selenium.remote.RemoteWebDriver.&lt;init&gt;(RemoteWebDriver.java:144)
	at org.openqa.selenium.chrome.ChromeDriver.&lt;init&gt;(ChromeDriver.java:170)
	at org.openqa.selenium.chrome.ChromeDriver.&lt;init&gt;(ChromeDriver.java:159)
	at org.openqa.selenium.chrome.ChromeDriver.&lt;init&gt;(ChromeDriver.java:116)
	at maven_package_1.Test_GPP_Validation_System_storage.gpp_validation_system(Test_GPP_Validation_System_storage.java:51)
</failure>
    <system-out>Configuring TestNG with: org.apache.maven.surefire.testng.conf.TestNG652Configurator@6a0f0c67
</system-out>
    <system-err>Starting ChromeDriver (v2.11.298604 (75ea2fdb5c87f133a8e1b8da16f6091fb7d5321e)) on port 11124
Only local connections are allowed.
log4j:WARN No appenders could be found for logger (org.apache.http.client.protocol.RequestAddCookies).
log4j:WARN Please initialize the log4j system properly.
</system-err>
  </testcase>
  <testcase time="65.916" classname="maven_package_1.Test_GPP_Validation_System_storage" name="Default_template_LinuxONE_update">
    <skipped/>
  </testcase>
  <testcase time="0" classname="maven_package_1.Test_Incomplete_reprocess_system_storage" name="Inc_systemstorage">
    <skipped/>
  </testcase>
  <testcase time="0" classname="maven_package_1.Test_Incomplete_reprocess_system_storage" name="Test_Inc_Rep">
    <skipped/>
  </testcase>
  <testcase time="0" classname="maven_package_1.Test_GPP_Validation_Power_System" name="login_bp">
    <skipped/>
  </testcase>
  <testcase time="0" classname="maven_package_1.Test_GPP_Validation_Power_System" name="login_w3">
    <skipped/>
  </testcase>
  <testcase time="0" classname="maven_package_1.Test_GPP_Validation_Power_System" name="gpp_validation">
    <skipped/>
  </testcase>
  <testcase time="0" classname="maven_package_1.Test_GPP_Validation_System_storage" name="login_bp">
    <skipped/>
  </testcase>
  <testcase time="0" classname="maven_package_1.Test_GPP_Validation_System_storage" name="login_w3">
    <skipped/>
  </testcase>
  <testcase time="0" classname="maven_package_1.Test_GPP_Validation_System_storage" name="gpp_validation_system">
    <skipped/>
  </testcase>
  <testcase time="0" classname="maven_package_1.Test_Submit_Extension_form_powersystem" name="login_bp">
    <skipped/>
  </testcase>
  <testcase time="0" classname="maven_package_1.Test_Submit_Extension_form_powersystem" name="login_w3">
    <skipped/>
  </testcase>
  <testcase time="0" classname="maven_package_1.Test_Submit_Extension_form_powersystem" name="Submit_extension_powersystem">
    <skipped/>
  </testcase>
  <testcase time="0" classname="maven_package_1.Test_default_template_for_extend_power_system" name="login_bp">
    <skipped/>
  </testcase>
  <testcase time="0" classname="maven_package_1.Test_default_template_for_extend_power_system" name="login_w3">
    <skipped/>
  </testcase>
  <testcase time="0" classname="maven_package_1.Test_default_template_for_extend_power_system" name="Default_template_power_extend">
    <skipped/>
  </testcase>
  <testcase time="0" classname="maven_package_2.TestAddComment" name="f">
    <skipped/>
  </testcase>
  <testcase time="0" classname="maven_package_2.TestCase2842" name="f_2842">
    <skipped/>
  </testcase>
  <testcase time="0" classname="maven_package_2.TestCase2842_power" name="f_2842_power">
    <skipped/>
  </testcase>
  <testcase time="0" classname="maven_package_2.TestCase3497" name="f_3497">
    <skipped/>
  </testcase>
  <testcase time="0" classname="maven_package_2.TestCase3497_linuxOne" name="f_3497_linuxOne">
    <skipped/>
  </testcase>
  <testcase time="0" classname="maven_package_2.TestCase3497_power" name="f_3497_power">
    <skipped/>
  </testcase>
  <testcase time="0" classname="maven_package_2.TestCase3505" name="f_3505">
    <skipped/>
  </testcase>
  <testcase time="0" classname="maven_package_2.TestCase3505_LinuxOne" name="f_3505_LinuxOne">
    <skipped/>
  </testcase>
  <testcase time="0" classname="maven_package_2.TestCase3505_power" name="f_3505_power">
    <skipped/>
  </testcase>
  <testcase time="0" classname="maven_package_2.TestCode" name="f">
    <skipped/>
  </testcase>
  <testcase time="0" classname="maven_package_2.Test_BlanketMicroflow" name="f_BlanketMicroflow">
    <skipped/>
  </testcase>
  <testcase time="0" classname="maven_package_2.Test_BlanketMicroflow_linuxOne" name="f_BlanketMicroflow_linuxOne">
    <skipped/>
  </testcase>
  <testcase time="0" classname="maven_package_2.Test_BlanketMicroflow_ps" name="f_BlanketMicroflow_ps">
    <skipped/>
  </testcase>
  <testcase time="0" classname="maven_package_2.Test_MSA_microflow" name="f_MSA_microflow">
    <skipped/>
  </testcase>
  <testcase time="0" classname="maven_package_2.Test_MSA_microflow_linuxOne" name="f_MSA_microflow_linuxOne">
    <skipped/>
  </testcase>
  <testcase time="0" classname="maven_package_2.Test_MSA_microflow_ps" name="f_MSA_microflow_ps">
    <skipped/>
  </testcase>
  <testcase time="0" classname="maven_package_1.Test_Rejected_reprocess_LinuxONE" name="Test_Rej_linuxone">
    <skipped/>
  </testcase>
  <testcase time="0" classname="maven_package_1.Test_Rejected_reprocess_power_system" name="Test_Rej_Rep">
    <skipped/>
  </testcase>
  <testcase time="0" classname="maven_package_1.Test_Submit_Extension_form_LinuxONE" name="Submit_extension_LinuxONE">
    <skipped/>
  </testcase>
  <testcase time="0" classname="maven_package_1.Test_Submit_Extension_form_systemstorage" name="Submit_extension_systemstorage">
    <skipped/>
  </testcase>
  <testcase time="0.003" classname="maven_package_1.Test_Update_LinuxONE" name="test_upd_from_app_linuxone">
    <skipped/>
  </testcase>
  <testcase time="0" classname="maven_package_1.Test_Update_Power_system" name="test_upd_from_app_PS">
    <skipped/>
  </testcase>
  <testcase time="0" classname="maven_package_1.Test_Update_System_storage" name="test_upd_from_app_SS">
    <skipped/>
  </testcase>
  <testcase time="0" classname="maven_package_2.Test_approve_ps" name="f_proxy_voting_power">
    <skipped/>
  </testcase>
  <testcase time="0" classname="maven_package_1.Test_default_template_for_update_LinuxONE" name="Default_template_LinuxONE_update">
    <skipped/>
  </testcase>
  <testcase time="0" classname="maven_package_1.Test_default_template_for_update_system_storage" name="Default_template_LinuxONE_update">
    <skipped/>
  </testcase>
  <testcase time="0" classname="maven_package_2.Test_proxy_voting_linuxOne" name="f_proxy_voting_linuxOne">
    <skipped/>
  </testcase>
  <testcase time="0.013" classname="maven_package_2.Test_proxy_voting_power" name="f_proxy_voting_power">
    <skipped/>
  </testcase>
  <testcase time="0" classname="maven_package_2.Test_proxy_voting_ss" name="f_proxy_voting_ss">
    <skipped/>
  </testcase>
  <testcase time="0" classname="maven_package_2.Testcase2842_linuxOne" name="f_2842_linuxOne">
    <skipped/>
  </testcase>
</testsuite>