<?xml version="1.0" encoding="UTF-8"?>
<!-- Generated by org.testng.reporters.JUnitReportReporter -->
<testsuite hostname="ADMINIB-D2MM1F7" name="maven_package_1.DupeReview_cannot_Reassigned" tests="1" failures="0" timestamp="13 Sep 2016 07:19:14 GMT" time="203.358" errors="0">
  <testcase name="Dupe_Review_cannot_be_reassigned" time="203.358" classname="maven_package_1.DupeReview_cannot_Reassigned"/>
</testsuite> <!-- maven_package_1.DupeReview_cannot_Reassigned -->
