<?xml version="1.0" encoding="UTF-8"?>
<!-- Generated by org.testng.reporters.JUnitReportReporter -->
<testsuite hostname="ADMINIB-D2MM1F7" name="Maven_package.Test_Rejected_reprocess_power_system" tests="1" failures="0" timestamp="27 Jun 2016 09:07:13 GMT" time="154.459" errors="0">
  <testcase name="Test_Rej_Rep" time="154.459" classname="Maven_package.Test_Rejected_reprocess_power_system"/>
</testsuite> <!-- Maven_package.Test_Rejected_reprocess_power_system -->
