<?xml version="1.0" encoding="UTF-8"?>
<!-- Generated by org.testng.reporters.JUnitReportReporter -->
<testsuite hostname="ADMINIB-D2MM1F7" name="Maven_package.Test_Update_System_storage" tests="1" failures="0" timestamp="27 Jun 2016 09:07:13 GMT" time="56.811" errors="0">
  <testcase name="test_upd_from_app_SS" time="56.811" classname="Maven_package.Test_Update_System_storage"/>
</testsuite> <!-- Maven_package.Test_Update_System_storage -->
