<?xml version="1.0" encoding="UTF-8"?>
<!-- Generated by org.testng.reporters.JUnitReportReporter -->
<testsuite hostname="ADMINIB-D2MM1F7" name="maven_package_1.Test_Email_Notification_Blanket_ps" tests="1" failures="0" timestamp="21 Dec 2016 06:36:39 GMT" time="139.834" errors="0">
  <testcase name="Email_Notify_Blanket_PS" time="139.834" classname="maven_package_1.Test_Email_Notification_Blanket_ps"/>
</testsuite> <!-- maven_package_1.Test_Email_Notification_Blanket_ps -->
