<?xml version="1.0" encoding="UTF-8"?>
<!-- Generated by org.testng.reporters.JUnitReportReporter -->
<testsuite hostname="ADMINIB-D2MM1F7" name="Maven_package.reprocess_withdrawn" tests="1" failures="0" timestamp="22 Jun 2016 06:46:06 GMT" time="110.185" errors="0">
  <testcase name="Reprocess_withdrawn" time="110.185" classname="Maven_package.reprocess_withdrawn"/>
</testsuite> <!-- Maven_package.reprocess_withdrawn -->
