<?xml version="1.0" encoding="UTF-8"?>
<!-- Generated by org.testng.reporters.JUnitReportReporter -->
<testsuite hostname="ADMINIB-D2MM1F7" name="Maven_package.reprocess_inc" tests="1" failures="0" timestamp="22 Jun 2016 09:52:39 GMT" time="111.738" errors="0">
  <testcase name="Reprocess_Incomplete" time="111.738" classname="Maven_package.reprocess_inc"/>
</testsuite> <!-- Maven_package.reprocess_inc -->
