<?xml version="1.0" encoding="UTF-8"?>
<!-- Generated by org.testng.reporters.JUnitReportReporter -->
<testsuite hostname="ADMINIB-D2MM1F7" name="Maven_package.Federal_resp_comments" tests="1" failures="0" timestamp="27 Jun 2016 09:07:13 GMT" time="186.745" errors="0">
  <testcase name="Federal_Response_comments" time="186.745" classname="Maven_package.Federal_resp_comments"/>
</testsuite> <!-- Maven_package.Federal_resp_comments -->
