<?xml version="1.0" encoding="UTF-8"?>
<!-- Generated by org.testng.reporters.JUnitReportReporter -->
<testsuite hostname="ADMINIB-D2MM1F7" name="Maven_package.FederalCheck_cannot_Reassigned" tests="1" failures="0" timestamp="22 Jun 2016 06:46:05 GMT" time="106.361" errors="0">
  <testcase name="Federal_Check_cannot_be_reassigned" time="106.361" classname="Maven_package.FederalCheck_cannot_Reassigned"/>
</testsuite> <!-- Maven_package.FederalCheck_cannot_Reassigned -->
