<?xml version="1.0" encoding="UTF-8"?>
<!-- Generated by org.testng.reporters.JUnitReportReporter -->
<testsuite hostname="ADMINIB-D2MM1F7" name="Maven_package.Email_Notification_initial" tests="1" failures="0" timestamp="21 Jun 2016 13:23:17 GMT" time="162.743" errors="0">
  <testcase name="Email_Notify_IR" time="162.743" classname="Maven_package.Email_Notification_initial"/>
</testsuite> <!-- Maven_package.Email_Notification_initial -->
