<?xml version="1.0" encoding="UTF-8"?>
<!-- Generated by org.testng.reporters.JUnitReportReporter -->
<testsuite hostname="ADMINIB-D2MM1F7" name="Maven_package.DupeReview_cannot_Reassigned" tests="1" failures="0" timestamp="22 Jun 2016 06:46:06 GMT" time="299.848" errors="0">
  <testcase name="Dupe_Review_cannot_be_reassigned" time="299.848" classname="Maven_package.DupeReview_cannot_Reassigned"/>
</testsuite> <!-- Maven_package.DupeReview_cannot_Reassigned -->
