<?xml version="1.0" encoding="UTF-8"?>
<!-- Generated by org.testng.reporters.JUnitReportReporter -->
<testsuite hostname="ADMINIB-D2MM1F7" name="Maven_package.reprocess_expire" tests="1" failures="0" timestamp="22 Jun 2016 06:46:05 GMT" time="112.213" errors="0">
  <testcase name="Reprocess_Expire" time="112.213" classname="Maven_package.reprocess_expire"/>
</testsuite> <!-- Maven_package.reprocess_expire -->
