<?xml version="1.0" encoding="UTF-8"?>
<!-- Generated by org.testng.reporters.JUnitReportReporter -->
<testsuite hostname="ADMINIB-D2MM1F7" name="Maven_package.Request_ID_in_Tasks_tab" tests="1" failures="0" timestamp="22 Jun 2016 06:46:05 GMT" time="102.120" errors="0">
  <testcase name="Request_id_tasks" time="102.120" classname="Maven_package.Request_ID_in_Tasks_tab"/>
</testsuite> <!-- Maven_package.Request_ID_in_Tasks_tab -->
