<?xml version="1.0" encoding="UTF-8"?>
<!-- Generated by org.testng.reporters.JUnitReportReporter -->
<testsuite hostname="ADMINIB-D2MM1F7" name="Maven_package.MSA_comp_comments" tests="1" failures="0" timestamp="27 Jun 2016 09:07:13 GMT" time="152.899" errors="0">
  <testcase name="MSA_complete_comments" time="152.899" classname="Maven_package.MSA_comp_comments"/>
</testsuite> <!-- Maven_package.MSA_comp_comments -->
