<?xml version="1.0" encoding="UTF-8"?>
<!-- Generated by org.testng.reporters.JUnitReportReporter -->
<testsuite hostname="ADMINIB-D2MM1F7" name="Maven_package.Form_moving_to_Initial_Review" tests="1" failures="0" timestamp="22 Jun 2016 06:46:06 GMT" time="492.037" errors="0">
  <testcase name="IR_created" time="492.037" classname="Maven_package.Form_moving_to_Initial_Review"/>
</testsuite> <!-- Maven_package.Form_moving_to_Initial_Review -->
