<?xml version="1.0" encoding="UTF-8"?>
<!-- Generated by org.testng.reporters.JUnitReportReporter -->
<testsuite hostname="ADMINIB-D2MM1F7" name="maven_package_1.Email_Notification_IGS" tests="1" failures="0" timestamp="2 Sep 2016 11:34:40 GMT" time="111.419" errors="0">
  <testcase name="Email_Notify_IGS" time="111.419" classname="maven_package_1.Email_Notification_IGS"/>
</testsuite> <!-- maven_package_1.Email_Notification_IGS -->
