<?xml version="1.0" encoding="UTF-8"?>
<!-- Generated by org.testng.reporters.JUnitReportReporter -->
<testsuite hostname="ADMINIB-D2MM1F7" name="Maven_package.DealReg_cannot_BlnktComplete" tests="1" failures="0" timestamp="22 Jun 2016 06:46:05 GMT" time="105.366" errors="0">
  <testcase name="DRR_cannot_Blanket_complete" time="105.366" classname="Maven_package.DealReg_cannot_BlnktComplete"/>
</testsuite> <!-- Maven_package.DealReg_cannot_BlnktComplete -->
