<?xml version="1.0" encoding="UTF-8"?>
<!-- Generated by org.testng.reporters.JUnitReportReporter -->
<testsuite hostname="ADMINIB-D2MM1F7" name="Maven_package.Test_default_template_for_update_system_storage" tests="1" failures="0" timestamp="27 Jun 2016 09:07:13 GMT" time="176.914" errors="0">
  <testcase name="Default_template_LinuxONE_update" time="176.914" classname="Maven_package.Test_default_template_for_update_system_storage"/>
</testsuite> <!-- Maven_package.Test_default_template_for_update_system_storage -->
