<?xml version="1.0" encoding="UTF-8"?>
<!-- Generated by org.testng.reporters.JUnitReportReporter -->
<testsuite hostname="ADMINIB-D2MM1F7" name="maven_package_1.Test_BlanketCheck_cannot_Reassigned" tests="1" failures="0" timestamp="21 Dec 2016 06:36:39 GMT" time="140.894" errors="0">
  <testcase name="Blanket_checked_cannot_be_reassigned" time="140.894" classname="maven_package_1.Test_BlanketCheck_cannot_Reassigned"/>
</testsuite> <!-- maven_package_1.Test_BlanketCheck_cannot_Reassigned -->
