<?xml version="1.0" encoding="UTF-8"?>
<!-- Generated by org.testng.reporters.JUnitReportReporter -->
<testsuite hostname="ADMINIB-D2MM1F7" name="maven_package_2.Multiple_checkbox_Manage_Task" tests="1" failures="0" timestamp="11 Jul 2016 07:51:08 GMT" time="201.945" errors="0">
  <testcase name="multiple_checkbox_manage" time="201.945" classname="maven_package_2.Multiple_checkbox_Manage_Task"/>
</testsuite> <!-- maven_package_2.Multiple_checkbox_Manage_Task -->
