<?xml version="1.0" encoding="UTF-8"?>
<!-- Generated by org.testng.reporters.JUnitReportReporter -->
<testsuite hostname="ADMINIB-D2MM1F7" name="Maven_package.Email_Notification_Dupe" tests="1" failures="0" timestamp="21 Jun 2016 13:39:14 GMT" time="155.958" errors="0">
  <testcase name="Email_Notify_Dupe" time="155.958" classname="Maven_package.Email_Notification_Dupe"/>
</testsuite> <!-- Maven_package.Email_Notification_Dupe -->
