<?xml version="1.0" encoding="UTF-8"?>
<!-- Generated by org.testng.reporters.JUnitReportReporter -->
<testsuite hostname="ADMINIB-D2MM1F7" name="Maven_package.dupli_HA_comp_cmnts" tests="1" failures="0" timestamp="27 Jun 2016 09:07:13 GMT" time="147.376" errors="0">
  <testcase name="dupli_HA_complete_comments" time="147.376" classname="Maven_package.dupli_HA_comp_cmnts"/>
</testsuite> <!-- Maven_package.dupli_HA_comp_cmnts -->
