<?xml version="1.0" encoding="UTF-8"?>
<!-- Generated by org.testng.reporters.JUnitReportReporter -->
<testsuite hostname="ADMINIB-D2MM1F7" name="Maven_package.DealReg_cannot_IGSResponse" tests="1" failures="0" timestamp="22 Jun 2016 06:46:05 GMT" time="113.415" errors="0">
  <testcase name="DRR_cannot_IGS_Response" time="113.415" classname="Maven_package.DealReg_cannot_IGSResponse"/>
</testsuite> <!-- Maven_package.DealReg_cannot_IGSResponse -->
