<?xml version="1.0" encoding="UTF-8"?>
<!-- Generated by org.testng.reporters.JUnitReportReporter -->
<testsuite hostname="ADMINIB-D2MM1F7" name="Maven_package.reg_inc_ps" tests="1" failures="0" timestamp="27 Jun 2016 09:07:13 GMT" time="138.110" errors="0">
  <testcase name="Email_incomplete_PS" time="138.110" classname="Maven_package.reg_inc_ps"/>
</testsuite> <!-- Maven_package.reg_inc_ps -->
