<?xml version="1.0" encoding="UTF-8"?>
<!-- Generated by org.testng.reporters.JUnitReportReporter -->
<testsuite hostname="ADMINIB-D2MM1F7" name="Maven_package.HA_comp_comments" tests="1" failures="0" timestamp="27 Jun 2016 09:07:13 GMT" time="142.864" errors="0">
  <testcase name="HA_complete_comments" time="142.864" classname="Maven_package.HA_comp_comments"/>
</testsuite> <!-- Maven_package.HA_comp_comments -->
