<?xml version="1.0" encoding="UTF-8"?>
<!-- Generated by org.testng.reporters.JUnitReportReporter -->
<testsuite hostname="ADMINIB-D2MM1F7" name="Maven_package.Test_Update_Power_system" tests="1" failures="0" timestamp="27 Jun 2016 09:07:13 GMT" time="69.890" errors="0">
  <testcase name="test_upd_from_app_PS" time="69.890" classname="Maven_package.Test_Update_Power_system"/>
</testsuite> <!-- Maven_package.Test_Update_Power_system -->
