<?xml version="1.0" encoding="UTF-8"?>
<!-- Generated by org.testng.reporters.JUnitReportReporter -->
<testsuite hostname="ADMINIB-D2MM1F7" name="Maven_package.DealReg_cannot_DupeComplete" tests="1" failures="0" timestamp="22 Jun 2016 06:46:05 GMT" time="110.546" errors="0">
  <testcase name="DRR_cannot_Dupe_complete" time="110.546" classname="Maven_package.DealReg_cannot_DupeComplete"/>
</testsuite> <!-- Maven_package.DealReg_cannot_DupeComplete -->
