<?xml version="1.0" encoding="UTF-8"?>
<!-- Generated by org.testng.reporters.JUnitReportReporter -->
<testsuite hostname="ADMINIB-D2MM1F7" name="maven_package_1.IGSApproval_cannotbeReassigned_withoutIGS" tests="1" failures="0" timestamp="13 Sep 2016 07:19:14 GMT" time="149.737" errors="0">
  <testcase name="IGS_Approval_cannot_Reassigned" time="149.737" classname="maven_package_1.IGSApproval_cannotbeReassigned_withoutIGS"/>
</testsuite> <!-- maven_package_1.IGSApproval_cannotbeReassigned_withoutIGS -->
