<?xml version="1.0" encoding="UTF-8"?>
<!-- Generated by org.testng.reporters.JUnitReportReporter -->
<testsuite hostname="ADMINIB-D2MM1F7" name="Maven_package.approve_ps" tests="1" failures="0" timestamp="22 Jun 2016 06:46:05 GMT" time="117.535" errors="0">
  <testcase name="approve_power_system" time="117.535" classname="Maven_package.approve_ps"/>
</testsuite> <!-- Maven_package.approve_ps -->
