<?xml version="1.0" encoding="UTF-8"?>
<!-- Generated by org.testng.reporters.JUnitReportReporter -->
<testsuite hostname="ADMINIB-D2MM1F7" name="Maven_package.dupe_comp_comments" tests="1" failures="0" timestamp="27 Jun 2016 09:07:13 GMT" time="145.760" errors="0">
  <testcase name="Dupe_complete_complete" time="145.760" classname="Maven_package.dupe_comp_comments"/>
</testsuite> <!-- Maven_package.dupe_comp_comments -->
