<?xml version="1.0" encoding="UTF-8"?>
<!-- Generated by org.testng.reporters.JUnitReportReporter -->
<testsuite hostname="ADMINIB-D2MM1F7" name="Maven_package.TestCase3497" tests="1" failures="0" timestamp="29 Jun 2016 07:31:27 GMT" time="314.341" errors="0">
  <testcase name="f_3497" time="314.341" classname="Maven_package.TestCase3497"/>
</testsuite> <!-- Maven_package.TestCase3497 -->
