<?xml version="1.0" encoding="UTF-8"?>
<!-- Generated by org.testng.reporters.JUnitReportReporter -->
<testsuite hostname="ADMINIB-D2MM1F7" name="Maven_package.reg_inc_ss" tests="1" failures="0" timestamp="27 Jun 2016 09:07:13 GMT" time="139.888" errors="0">
  <testcase name="Email_incomplete_SS" time="139.888" classname="Maven_package.reg_inc_ss"/>
</testsuite> <!-- Maven_package.reg_inc_ss -->
