<?xml version="1.0" encoding="UTF-8"?>
<!-- Generated by org.testng.reporters.JUnitReportReporter -->
<testsuite hostname="ADMINIB-D2MM1F7" name="Maven_package.Email_Notification_IGS" tests="1" failures="0" timestamp="22 Jun 2016 06:46:05 GMT" time="110.732" errors="0">
  <testcase name="Email_Notify_IGS" time="110.732" classname="Maven_package.Email_Notification_IGS"/>
</testsuite> <!-- Maven_package.Email_Notification_IGS -->
