<?xml version="1.0" encoding="UTF-8"?>
<!-- Generated by org.testng.reporters.JUnitReportReporter -->
<testsuite hostname="ADMINIB-D2MM1F7" name="Maven_package.Random_String" tests="1" failures="0" timestamp="30 Jun 2016 09:13:58 GMT" time="0.012" errors="0">
  <testcase name="f" time="0.012" classname="Maven_package.Random_String"/>
</testsuite> <!-- Maven_package.Random_String -->
