<?xml version="1.0" encoding="UTF-8"?>
<!-- Generated by org.testng.reporters.JUnitReportReporter -->
<testsuite hostname="ADMINIB-D2MM1F7" name="maven_package_1.Test_BlanketCheck_cannot_Reassigned" tests="1" failures="0" timestamp="16 Sep 2016 11:56:06 GMT" time="137.049" errors="0">
  <testcase name="Blanket_checked_cannot_be_reassigned" time="137.049" classname="maven_package_1.Test_BlanketCheck_cannot_Reassigned"/>
</testsuite> <!-- maven_package_1.Test_BlanketCheck_cannot_Reassigned -->
